<?xml version="1.0" encoding="UTF-8"?>
<!-- Generated by org.testng.reporters.JUnitReportReporter -->
<testsuite hostname="PC12479" failures="0" tests="6" name="com.qa.everlight.tests.computerdatabase.computerDatabaseTestSuite" time="16.088" errors="0" timestamp="30 Jul 2021 16:22:04 GMT" skipped="0">
  <testcase classname="com.qa.everlight.tests.computerdatabase.computerDatabaseTestSuite" name="createAComputerWithValidAndInvalidValue" time="2.563"/>
  <testcase classname="com.qa.everlight.tests.computerdatabase.computerDatabaseTestSuite" name="createAComputerWithInvalidComputerName" time="4.037"/>
  <testcase classname="com.qa.everlight.tests.computerdatabase.computerDatabaseTestSuite" name="createANewComputer" time="2.427"/>
  <testcase classname="com.qa.everlight.tests.computerdatabase.computerDatabaseTestSuite" name="getDataForValidComputerName" time="1.415"/>
  <testcase classname="com.qa.everlight.tests.computerdatabase.computerDatabaseTestSuite" name="deleteComputerInformation" time="2.771"/>
  <testcase classname="com.qa.everlight.tests.computerdatabase.computerDatabaseTestSuite" name="updateComputerInformation" time="2.875"/>
</testsuite> <!-- com.qa.everlight.tests.computerdatabase.computerDatabaseTestSuite -->
